  Motor3D.cpp
C:\Users\migue\OneDrive\Trabalho CG\Fase I\TrabalhoCG-FaseI\Motor3D\Motor3D\Motor3D.cpp(77): warning C4996: 'strcpy': This function or variable may be unsafe. Consider using strcpy_s instead. To disable deprecation, use _CRT_SECURE_NO_WARNINGS. See online help for details.
  C:\Program Files (x86)\Windows Kits\10\Include\10.0.10240.0\ucrt\string.h(119): note: see declaration of 'strcpy'
C:\Users\migue\OneDrive\Trabalho CG\Fase I\TrabalhoCG-FaseI\Motor3D\Motor3D\Motor3D.cpp(80): warning C4996: 'strtok': This function or variable may be unsafe. Consider using strtok_s instead. To disable deprecation, use _CRT_SECURE_NO_WARNINGS. See online help for details.
  C:\Program Files (x86)\Windows Kits\10\Include\10.0.10240.0\ucrt\string.h(453): note: see declaration of 'strtok'
C:\Users\migue\OneDrive\Trabalho CG\Fase I\TrabalhoCG-FaseI\Motor3D\Motor3D\Motor3D.cpp(83): warning C4996: 'strtok': This function or variable may be unsafe. Consider using strtok_s instead. To disable deprecation, use _CRT_SECURE_NO_WARNINGS. See online help for details.
  C:\Program Files (x86)\Windows Kits\10\Include\10.0.10240.0\ucrt\string.h(453): note: see declaration of 'strtok'
C:\Users\migue\OneDrive\Trabalho CG\Fase I\TrabalhoCG-FaseI\Motor3D\Motor3D\Motor3D.cpp(87): warning C4996: 'strtok': This function or variable may be unsafe. Consider using strtok_s instead. To disable deprecation, use _CRT_SECURE_NO_WARNINGS. See online help for details.
  C:\Program Files (x86)\Windows Kits\10\Include\10.0.10240.0\ucrt\string.h(453): note: see declaration of 'strtok'
C:\Users\migue\OneDrive\Trabalho CG\Fase I\TrabalhoCG-FaseI\Motor3D\Motor3D\Motor3D.cpp(88): warning C4996: 'strtok': This function or variable may be unsafe. Consider using strtok_s instead. To disable deprecation, use _CRT_SECURE_NO_WARNINGS. See online help for details.
  C:\Program Files (x86)\Windows Kits\10\Include\10.0.10240.0\ucrt\string.h(453): note: see declaration of 'strtok'
C:\Users\migue\OneDrive\Trabalho CG\Fase I\TrabalhoCG-FaseI\Motor3D\Motor3D\Motor3D.cpp(89): warning C4996: 'strtok': This function or variable may be unsafe. Consider using strtok_s instead. To disable deprecation, use _CRT_SECURE_NO_WARNINGS. See online help for details.
  C:\Program Files (x86)\Windows Kits\10\Include\10.0.10240.0\ucrt\string.h(453): note: see declaration of 'strtok'
C:\Users\migue\OneDrive\Trabalho CG\Fase I\TrabalhoCG-FaseI\Motor3D\Motor3D\Motor3D.cpp(114): warning C4996: 'strcpy': This function or variable may be unsafe. Consider using strcpy_s instead. To disable deprecation, use _CRT_SECURE_NO_WARNINGS. See online help for details.
  C:\Program Files (x86)\Windows Kits\10\Include\10.0.10240.0\ucrt\string.h(119): note: see declaration of 'strcpy'
C:\Users\migue\OneDrive\Trabalho CG\Fase I\TrabalhoCG-FaseI\Motor3D\Motor3D\Motor3D.cpp(115): warning C4996: 'strcat': This function or variable may be unsafe. Consider using strcat_s instead. To disable deprecation, use _CRT_SECURE_NO_WARNINGS. See online help for details.
  C:\Program Files (x86)\Windows Kits\10\Include\10.0.10240.0\ucrt\string.h(90): note: see declaration of 'strcat'
C:\Users\migue\OneDrive\Trabalho CG\Fase I\TrabalhoCG-FaseI\Motor3D\Motor3D\Motor3D.cpp(135): warning C4996: 'strcpy': This function or variable may be unsafe. Consider using strcpy_s instead. To disable deprecation, use _CRT_SECURE_NO_WARNINGS. See online help for details.
  C:\Program Files (x86)\Windows Kits\10\Include\10.0.10240.0\ucrt\string.h(119): note: see declaration of 'strcpy'
C:\Users\migue\OneDrive\Trabalho CG\Fase I\TrabalhoCG-FaseI\Motor3D\Motor3D\Motor3D.cpp(136): warning C4996: 'strcat': This function or variable may be unsafe. Consider using strcat_s instead. To disable deprecation, use _CRT_SECURE_NO_WARNINGS. See online help for details.
  C:\Program Files (x86)\Windows Kits\10\Include\10.0.10240.0\ucrt\string.h(90): note: see declaration of 'strcat'
  motor3D.vcxproj -> C:\Users\migue\OneDrive\Trabalho CG\Fase I\TrabalhoCG-FaseI\Motor3D\Motor3D\bin\Release\motor3D.exe
